Starting Dynare (version 4.5.6).
Starting preprocessing of the model file ...
Substitution of endo leads >= 2: added 9 auxiliary variables and equations.
Substitution of endo lags >= 2: added 12 auxiliary variables and equations.
Found 92 equation(s).
Evaluating expressions...done
Computing static model derivatives:
 - order 1
Computing dynamic model derivatives:
 - order 1
 - order 2
Processing outputs ...
done
Preprocessing completed.
{Error using <a href="matlab:matlab.internal.language.introspective.errorDocCallback('print_info')" style="font-weight:bold">print_info</a>
Blanchard Kahn conditions are not satisfied: indeterminacy

Error in <a href="matlab:matlab.internal.language.introspective.errorDocCallback('stoch_simul', '/apps/dynare/4.5.6/lib/dynare/matlab/stoch_simul.m', 100)" style="font-weight:bold">stoch_simul</a> (<a href="matlab: opentoline('/apps/dynare/4.5.6/lib/dynare/matlab/stoch_simul.m',100,0)">line 100</a>)
    print_info(info, options_.noprint, options_);

Error in <a href="matlab:matlab.internal.language.introspective.errorDocCallback('NK_MPT10', '/msu/scratch4/m1cmb07/Connor_bob/mmb/models-of-interest/NK_MPT10/NK_MPT10.m', 1016)" style="font-weight:bold">NK_MPT10</a> (<a href="matlab: opentoline('/msu/scratch4/m1cmb07/Connor_bob/mmb/models-of-interest/NK_MPT10/NK_MPT10.m',1016,0)">line 1016</a>)
info = stoch_simul(var_list_);

Error in <a href="matlab:matlab.internal.language.introspective.errorDocCallback('dynare', '/apps/dynare/4.5.6/lib/dynare/matlab/dynare.m', 235)" style="font-weight:bold">dynare</a> (<a href="matlab: opentoline('/apps/dynare/4.5.6/lib/dynare/matlab/dynare.m',235,0)">line 235</a>)
evalin('base',fname) ;

Error in <a href="matlab:matlab.internal.language.introspective.errorDocCallback('test', '/msu/scratch4/m1cmb07/Connor_bob/mmb/test.m', 6)" style="font-weight:bold">test</a> (<a href="matlab: opentoline('/msu/scratch4/m1cmb07/Connor_bob/mmb/test.m',6,0)">line 6</a>)
dynare NK_MPT10.mod
} 
Run_Dynare_all_models_all_rules

Configuring Dynare ...
[mex] Generalized QZ.
[mex] Sylvester equation solution.
[mex] Kronecker products.
[mex] Sparse kronecker products.
[mex] Local state space iteration (second order).
[mex] Bytecode evaluation.
[mex] k-order perturbation solver.
[mex] k-order solution simulation.
[mex] Quasi Monte-Carlo sequence (Sobol).
[mex] Markov Switching SBVAR.

Using 64-bit preprocessor
Starting Dynare (version 4.5.6).
Starting preprocessing of the model file ...
Substitution of endo leads >= 2: added 9 auxiliary variables and equations.
Substitution of endo lags >= 2: added 47 auxiliary variables and equations.
Found 90 equation(s).
Evaluating expressions...done
Computing static model derivatives:
 - order 1
Computing dynamic model derivatives:
 - order 1
 - order 2
Processing outputs ...
done
Preprocessing completed.

